<?xml version="1.0" encoding="UTF-8"?>
<!-- Generated by org.testng.reporters.JUnitXMLReporter -->
<testsuite hostname="DESKTOP-PK57O42" ignored="0" name="Command line test" tests="1" failures="1" timestamp="2021-01-09T12:30:00 COT" time="0.083" errors="0">
  <testcase name="exampleTest" time="0.05" classname="example.AppTest">
    <failure type="java.lang.IllegalStateException" message="The driver executable does not exist: C:\Bringwithyou\ExampleTest\example\src\test\java\example\chromedriver">
      <![CDATA[java.lang.IllegalStateException: The driver executable does not exist: C:\Bringwithyou\ExampleTest\example\src\test\java\example\chromedriver
at com.google.common.base.Preconditions.checkState(Preconditions.java:585)
at org.openqa.selenium.remote.service.DriverService.checkExecutable(DriverService.java:146)
at org.openqa.selenium.remote.service.DriverService.findExecutable(DriverService.java:141)
at org.openqa.selenium.chrome.ChromeDriverService.access$000(ChromeDriverService.java:35)
at org.openqa.selenium.chrome.ChromeDriverService$Builder.findDefaultExecutable(ChromeDriverService.java:159)
at org.openqa.selenium.remote.service.DriverService$Builder.build(DriverService.java:355)
at org.openqa.selenium.chrome.ChromeDriverService.createDefaultService(ChromeDriverService.java:94)
at org.openqa.selenium.chrome.ChromeDriver.<init>(ChromeDriver.java:123)
at example.AppTest.exampleTest(AppTest.java:13)
at java.util.ArrayList.forEach(ArrayList.java:1259)
... Removed 36 stack frames]]>
    </failure>
  </testcase> <!-- exampleTest -->
</testsuite> <!-- Command line test -->
